<?xml version="1.0" encoding="UTF-8" standalone="yes"?><!DOCTYPE report PUBLIC "-//JACOCO//DTD Report 1.1//EN" "report.dtd"><report name="spring-petclinic-api-gateway"><sessioninfo id="MyAlpaca-6816a204" start="1675800411972" dump="1675800422809"/><package name="org/springframework/samples/petclinic/api/dto"><class name="org/springframework/samples/petclinic/api/dto/OwnerDetails" sourcefilename="OwnerDetails.java"><method name="getPetIds" desc="()Ljava/util/List;" line="48"><counter type="INSTRUCTION" missed="0" covered="9"/><counter type="LINE" missed="0" covered="3"/><counter type="COMPLEXITY" missed="0" covered="1"/><counter type="METHOD" missed="0" covered="1"/></method><method name="&lt;init&gt;" desc="()V" line="29"><counter type="INSTRUCTION" missed="0" covered="8"/><counter type="LINE" missed="0" covered="2"/><counter type="COMPLEXITY" missed="0" covered="1"/><counter type="METHOD" missed="0" covered="1"/></method><method name="getId" desc="()I" line="32"><counter type="INSTRUCTION" missed="0" covered="3"/><counter type="LINE" missed="0" covered="1"/><counter type="COMPLEXITY" missed="0" covered="1"/><counter type="METHOD" missed="0" covered="1"/></method><method name="getFirstName" desc="()Ljava/lang/String;" line="34"><counter type="INSTRUCTION" missed="0" covered="3"/><counter type="LINE" missed="0" covered="1"/><counter type="COMPLEXITY" missed="0" covered="1"/><counter type="METHOD" missed="0" covered="1"/></method><method name="getLastName" desc="()Ljava/lang/String;" line="36"><counter type="INSTRUCTION" missed="0" covered="3"/><counter type="LINE" missed="0" covered="1"/><counter type="COMPLEXITY" missed="0" covered="1"/><counter type="METHOD" missed="0" covered="1"/></method><method name="getAddress" desc="()Ljava/lang/String;" line="38"><counter type="INSTRUCTION" missed="0" covered="3"/><counter type="LINE" missed="0" covered="1"/><counter type="COMPLEXITY" missed="0" covered="1"/><counter type="METHOD" missed="0" covered="1"/></method><method name="getCity" desc="()Ljava/lang/String;" line="40"><counter type="INSTRUCTION" missed="0" covered="3"/><counter type="LINE" missed="0" covered="1"/><counter type="COMPLEXITY" missed="0" covered="1"/><counter type="METHOD" missed="0" covered="1"/></method><method name="getTelephone" desc="()Ljava/lang/String;" line="42"><counter type="INSTRUCTION" missed="0" covered="3"/><counter type="LINE" missed="0" covered="1"/><counter type="COMPLEXITY" missed="0" covered="1"/><counter type="METHOD" missed="0" covered="1"/></method><method name="getPets" desc="()Ljava/util/List;" line="44"><counter type="INSTRUCTION" missed="0" covered="3"/><counter type="LINE" missed="0" covered="1"/><counter type="COMPLEXITY" missed="0" covered="1"/><counter type="METHOD" missed="0" covered="1"/></method><method name="setId" desc="(I)V" line="29"><counter type="INSTRUCTION" missed="4" covered="0"/><counter type="LINE" missed="1" covered="0"/><counter type="COMPLEXITY" missed="1" covered="0"/><counter type="METHOD" missed="1" covered="0"/></method><method name="setFirstName" desc="(Ljava/lang/String;)V" line="29"><counter type="INSTRUCTION" missed="4" covered="0"/><counter type="LINE" missed="1" covered="0"/><counter type="COMPLEXITY" missed="1" covered="0"/><counter type="METHOD" missed="1" covered="0"/></method><method name="setLastName" desc="(Ljava/lang/String;)V" line="29"><counter type="INSTRUCTION" missed="4" covered="0"/><counter type="LINE" missed="1" covered="0"/><counter type="COMPLEXITY" missed="1" covered="0"/><counter type="METHOD" missed="1" covered="0"/></method><method name="setAddress" desc="(Ljava/lang/String;)V" line="29"><counter type="INSTRUCTION" missed="4" covered="0"/><counter type="LINE" missed="1" covered="0"/><counter type="COMPLEXITY" missed="1" covered="0"/><counter type="METHOD" missed="1" covered="0"/></method><method name="setCity" desc="(Ljava/lang/String;)V" line="29"><counter type="INSTRUCTION" missed="4" covered="0"/><counter type="LINE" missed="1" covered="0"/><counter type="COMPLEXITY" missed="1" covered="0"/><counter type="METHOD" missed="1" covered="0"/></method><method name="setTelephone" desc="(Ljava/lang/String;)V" line="29"><counter type="INSTRUCTION" missed="4" covered="0"/><counter type="LINE" missed="1" covered="0"/><counter type="COMPLEXITY" missed="1" covered="0"/><counter type="METHOD" missed="1" covered="0"/></method><method name="equals" desc="(Ljava/lang/Object;)Z" line="29"><counter type="INSTRUCTION" missed="130" covered="0"/><counter type="BRANCH" missed="44" covered="0"/><counter type="LINE" missed="1" covered="0"/><counter type="COMPLEXITY" missed="23" covered="0"/><counter type="METHOD" missed="1" covered="0"/></method><method name="canEqual" desc="(Ljava/lang/Object;)Z" line="29"><counter type="INSTRUCTION" missed="3" covered="0"/><counter type="LINE" missed="1" covered="0"/><counter type="COMPLEXITY" missed="1" covered="0"/><counter type="METHOD" missed="1" covered="0"/></method><method name="hashCode" desc="()I" line="29"><counter type="INSTRUCTION" missed="97" covered="0"/><counter type="BRANCH" missed="12" covered="0"/><counter type="LINE" missed="1" covered="0"/><counter type="COMPLEXITY" missed="7" covered="0"/><counter type="METHOD" missed="1" covered="0"/></method><method name="toString" desc="()Ljava/lang/String;" line="29"><counter type="INSTRUCTION" missed="16" covered="0"/><counter type="LINE" missed="1" covered="0"/><counter type="COMPLEXITY" missed="1" covered="0"/><counter type="METHOD" missed="1" covered="0"/></method><counter type="INSTRUCTION" missed="270" covered="38"/><counter type="BRANCH" missed="56" covered="0"/><counter type="LINE" missed="0" covered="11"/><counter type="COMPLEXITY" missed="38" covered="9"/><counter type="METHOD" missed="10" covered="9"/><counter type="CLASS" missed="0" covered="1"/></class><class name="org/springframework/samples/petclinic/api/dto/PetDetails" sourcefilename="PetDetails.java"><method name="&lt;init&gt;" desc="()V" line="26"><counter type="INSTRUCTION" missed="0" covered="8"/><counter type="LINE" missed="0" covered="2"/><counter type="COMPLEXITY" missed="0" covered="1"/><counter type="METHOD" missed="0" covered="1"/></method><method name="getId" desc="()I" line="29"><counter type="INSTRUCTION" missed="0" covered="3"/><counter type="LINE" missed="0" covered="1"/><counter type="COMPLEXITY" missed="0" covered="1"/><counter type="METHOD" missed="0" covered="1"/></method><method name="getName" desc="()Ljava/lang/String;" line="31"><counter type="INSTRUCTION" missed="0" covered="3"/><counter type="LINE" missed="0" covered="1"/><counter type="COMPLEXITY" missed="0" covered="1"/><counter type="METHOD" missed="0" covered="1"/></method><method name="getBirthDate" desc="()Ljava/lang/String;" line="33"><counter type="INSTRUCTION" missed="0" covered="3"/><counter type="LINE" missed="0" covered="1"/><counter type="COMPLEXITY" missed="0" covered="1"/><counter type="METHOD" missed="0" covered="1"/></method><method name="getType" desc="()Lorg/springframework/samples/petclinic/api/dto/PetType;" line="35"><counter type="INSTRUCTION" missed="0" covered="3"/><counter type="LINE" missed="0" covered="1"/><counter type="COMPLEXITY" missed="0" covered="1"/><counter type="METHOD" missed="0" covered="1"/></method><method name="getVisits" desc="()Ljava/util/List;" line="37"><counter type="INSTRUCTION" missed="0" covered="3"/><counter type="LINE" missed="0" covered="1"/><counter type="COMPLEXITY" missed="0" covered="1"/><counter type="METHOD" missed="0" covered="1"/></method><method name="setId" desc="(I)V" line="26"><counter type="INSTRUCTION" missed="0" covered="4"/><counter type="LINE" missed="0" covered="1"/><counter type="COMPLEXITY" missed="0" covered="1"/><counter type="METHOD" missed="0" covered="1"/></method><method name="setName" desc="(Ljava/lang/String;)V" line="26"><counter type="INSTRUCTION" missed="0" covered="4"/><counter type="LINE" missed="0" covered="1"/><counter type="COMPLEXITY" missed="0" covered="1"/><counter type="METHOD" missed="0" covered="1"/></method><method name="setBirthDate" desc="(Ljava/lang/String;)V" line="26"><counter type="INSTRUCTION" missed="4" covered="0"/><counter type="LINE" missed="1" covered="0"/><counter type="COMPLEXITY" missed="1" covered="0"/><counter type="METHOD" missed="1" covered="0"/></method><method name="setType" desc="(Lorg/springframework/samples/petclinic/api/dto/PetType;)V" line="26"><counter type="INSTRUCTION" missed="4" covered="0"/><counter type="LINE" missed="1" covered="0"/><counter type="COMPLEXITY" missed="1" covered="0"/><counter type="METHOD" missed="1" covered="0"/></method><method name="equals" desc="(Ljava/lang/Object;)Z" line="26"><counter type="INSTRUCTION" missed="96" covered="0"/><counter type="BRANCH" missed="32" covered="0"/><counter type="LINE" missed="1" covered="0"/><counter type="COMPLEXITY" missed="17" covered="0"/><counter type="METHOD" missed="1" covered="0"/></method><method name="canEqual" desc="(Ljava/lang/Object;)Z" line="26"><counter type="INSTRUCTION" missed="3" covered="0"/><counter type="LINE" missed="1" covered="0"/><counter type="COMPLEXITY" missed="1" covered="0"/><counter type="METHOD" missed="1" covered="0"/></method><method name="hashCode" desc="()I" line="26"><counter type="INSTRUCTION" missed="69" covered="0"/><counter type="BRANCH" missed="8" covered="0"/><counter type="LINE" missed="1" covered="0"/><counter type="COMPLEXITY" missed="5" covered="0"/><counter type="METHOD" missed="1" covered="0"/></method><method name="toString" desc="()Ljava/lang/String;" line="26"><counter type="INSTRUCTION" missed="12" covered="0"/><counter type="LINE" missed="1" covered="0"/><counter type="COMPLEXITY" missed="1" covered="0"/><counter type="METHOD" missed="1" covered="0"/></method><counter type="INSTRUCTION" missed="188" covered="31"/><counter type="BRANCH" missed="40" covered="0"/><counter type="LINE" missed="0" covered="6"/><counter type="COMPLEXITY" missed="26" covered="8"/><counter type="METHOD" missed="6" covered="8"/><counter type="CLASS" missed="0" covered="1"/></class><class name="org/springframework/samples/petclinic/api/dto/VisitDetails" sourcefilename="VisitDetails.java"><method name="getId" desc="()Ljava/lang/Integer;" line="28"><counter type="INSTRUCTION" missed="0" covered="3"/><counter type="LINE" missed="0" covered="1"/><counter type="COMPLEXITY" missed="0" covered="1"/><counter type="METHOD" missed="0" covered="1"/></method><method name="getPetId" desc="()Ljava/lang/Integer;" line="30"><counter type="INSTRUCTION" missed="0" covered="3"/><counter type="LINE" missed="0" covered="1"/><counter type="COMPLEXITY" missed="0" covered="1"/><counter type="METHOD" missed="0" covered="1"/></method><method name="getDate" desc="()Ljava/lang/String;" line="32"><counter type="INSTRUCTION" missed="0" covered="3"/><counter type="LINE" missed="0" covered="1"/><counter type="COMPLEXITY" missed="0" covered="1"/><counter type="METHOD" missed="0" covered="1"/></method><method name="getDescription" desc="()Ljava/lang/String;" line="34"><counter type="INSTRUCTION" missed="0" covered="3"/><counter type="LINE" missed="0" covered="1"/><counter type="COMPLEXITY" missed="0" covered="1"/><counter type="METHOD" missed="0" covered="1"/></method><method name="setId" desc="(Ljava/lang/Integer;)V" line="24"><counter type="INSTRUCTION" missed="0" covered="4"/><counter type="LINE" missed="0" covered="1"/><counter type="COMPLEXITY" missed="0" covered="1"/><counter type="METHOD" missed="0" covered="1"/></method><method name="setPetId" desc="(Ljava/lang/Integer;)V" line="24"><counter type="INSTRUCTION" missed="0" covered="4"/><counter type="LINE" missed="0" covered="1"/><counter type="COMPLEXITY" missed="0" covered="1"/><counter type="METHOD" missed="0" covered="1"/></method><method name="setDate" desc="(Ljava/lang/String;)V" line="24"><counter type="INSTRUCTION" missed="0" covered="4"/><counter type="LINE" missed="0" covered="1"/><counter type="COMPLEXITY" missed="0" covered="1"/><counter type="METHOD" missed="0" covered="1"/></method><method name="setDescription" desc="(Ljava/lang/String;)V" line="24"><counter type="INSTRUCTION" missed="0" covered="4"/><counter type="LINE" missed="0" covered="1"/><counter type="COMPLEXITY" missed="0" covered="1"/><counter type="METHOD" missed="0" covered="1"/></method><method name="equals" desc="(Ljava/lang/Object;)Z" line="24"><counter type="INSTRUCTION" missed="89" covered="0"/><counter type="BRANCH" missed="30" covered="0"/><counter type="LINE" missed="1" covered="0"/><counter type="COMPLEXITY" missed="16" covered="0"/><counter type="METHOD" missed="1" covered="0"/></method><method name="canEqual" desc="(Ljava/lang/Object;)Z" line="24"><counter type="INSTRUCTION" missed="3" covered="0"/><counter type="LINE" missed="1" covered="0"/><counter type="COMPLEXITY" missed="1" covered="0"/><counter type="METHOD" missed="1" covered="0"/></method><method name="hashCode" desc="()I" line="24"><counter type="INSTRUCTION" missed="62" covered="0"/><counter type="BRANCH" missed="8" covered="0"/><counter type="LINE" missed="1" covered="0"/><counter type="COMPLEXITY" missed="5" covered="0"/><counter type="METHOD" missed="1" covered="0"/></method><method name="toString" desc="()Ljava/lang/String;" line="24"><counter type="INSTRUCTION" missed="10" covered="0"/><counter type="LINE" missed="1" covered="0"/><counter type="COMPLEXITY" missed="1" covered="0"/><counter type="METHOD" missed="1" covered="0"/></method><method name="&lt;init&gt;" desc="()V" line="25"><counter type="INSTRUCTION" missed="0" covered="15"/><counter type="LINE" missed="0" covered="5"/><counter type="COMPLEXITY" missed="0" covered="1"/><counter type="METHOD" missed="0" covered="1"/></method><counter type="INSTRUCTION" missed="164" covered="43"/><counter type="BRANCH" missed="38" covered="0"/><counter type="LINE" missed="0" covered="6"/><counter type="COMPLEXITY" missed="23" covered="9"/><counter type="METHOD" missed="4" covered="9"/><counter type="CLASS" missed="0" covered="1"/></class><class name="org/springframework/samples/petclinic/api/dto/PetType" sourcefilename="PetType.java"><method name="&lt;init&gt;" desc="()V" line="23"><counter type="INSTRUCTION" missed="3" covered="0"/><counter type="LINE" missed="1" covered="0"/><counter type="COMPLEXITY" missed="1" covered="0"/><counter type="METHOD" missed="1" covered="0"/></method><method name="getName" desc="()Ljava/lang/String;" line="26"><counter type="INSTRUCTION" missed="3" covered="0"/><counter type="LINE" missed="1" covered="0"/><counter type="COMPLEXITY" missed="1" covered="0"/><counter type="METHOD" missed="1" covered="0"/></method><method name="setName" desc="(Ljava/lang/String;)V" line="23"><counter type="INSTRUCTION" missed="4" covered="0"/><counter type="LINE" missed="1" covered="0"/><counter type="COMPLEXITY" missed="1" covered="0"/><counter type="METHOD" missed="1" covered="0"/></method><method name="equals" desc="(Ljava/lang/Object;)Z" line="23"><counter type="INSTRUCTION" missed="38" covered="0"/><counter type="BRANCH" missed="12" covered="0"/><counter type="LINE" missed="1" covered="0"/><counter type="COMPLEXITY" missed="7" covered="0"/><counter type="METHOD" missed="1" covered="0"/></method><method name="canEqual" desc="(Ljava/lang/Object;)Z" line="23"><counter type="INSTRUCTION" missed="3" covered="0"/><counter type="LINE" missed="1" covered="0"/><counter type="COMPLEXITY" missed="1" covered="0"/><counter type="METHOD" missed="1" covered="0"/></method><method name="hashCode" desc="()I" line="23"><counter type="INSTRUCTION" missed="20" covered="0"/><counter type="BRANCH" missed="2" covered="0"/><counter type="LINE" missed="1" covered="0"/><counter type="COMPLEXITY" missed="2" covered="0"/><counter type="METHOD" missed="1" covered="0"/></method><method name="toString" desc="()Ljava/lang/String;" line="23"><counter type="INSTRUCTION" missed="4" covered="0"/><counter type="LINE" missed="1" covered="0"/><counter type="COMPLEXITY" missed="1" covered="0"/><counter type="METHOD" missed="1" covered="0"/></method><counter type="INSTRUCTION" missed="75" covered="0"/><counter type="BRANCH" missed="14" covered="0"/><counter type="LINE" missed="2" covered="0"/><counter type="COMPLEXITY" missed="14" covered="0"/><counter type="METHOD" missed="7" covered="0"/><counter type="CLASS" missed="1" covered="0"/></class><class name="org/springframework/samples/petclinic/api/dto/Visits" sourcefilename="Visits.java"><method name="&lt;init&gt;" desc="()V" line="27"><counter type="INSTRUCTION" missed="0" covered="8"/><counter type="LINE" missed="0" covered="2"/><counter type="COMPLEXITY" missed="0" covered="1"/><counter type="METHOD" missed="0" covered="1"/></method><method name="getItems" desc="()Ljava/util/List;" line="30"><counter type="INSTRUCTION" missed="0" covered="3"/><counter type="LINE" missed="0" covered="1"/><counter type="COMPLEXITY" missed="0" covered="1"/><counter type="METHOD" missed="0" covered="1"/></method><method name="equals" desc="(Ljava/lang/Object;)Z" line="27"><counter type="INSTRUCTION" missed="32" covered="0"/><counter type="BRANCH" missed="10" covered="0"/><counter type="LINE" missed="1" covered="0"/><counter type="COMPLEXITY" missed="6" covered="0"/><counter type="METHOD" missed="1" covered="0"/></method><method name="hashCode" desc="()I" line="27"><counter type="INSTRUCTION" missed="20" covered="0"/><counter type="BRANCH" missed="2" covered="0"/><counter type="LINE" missed="1" covered="0"/><counter type="COMPLEXITY" missed="2" covered="0"/><counter type="METHOD" missed="1" covered="0"/></method><method name="toString" desc="()Ljava/lang/String;" line="27"><counter type="INSTRUCTION" missed="4" covered="0"/><counter type="LINE" missed="1" covered="0"/><counter type="COMPLEXITY" missed="1" covered="0"/><counter type="METHOD" missed="1" covered="0"/></method><counter type="INSTRUCTION" missed="56" covered="11"/><counter type="BRANCH" missed="12" covered="0"/><counter type="LINE" missed="0" covered="2"/><counter type="COMPLEXITY" missed="9" covered="2"/><counter type="METHOD" missed="3" covered="2"/><counter type="CLASS" missed="0" covered="1"/></class><sourcefile name="OwnerDetails.java"><line nr="29" mi="270" ci="2" mb="56" cb="0"/><line nr="32" mi="0" ci="3" mb="0" cb="0"/><line nr="34" mi="0" ci="3" mb="0" cb="0"/><line nr="36" mi="0" ci="3" mb="0" cb="0"/><line nr="38" mi="0" ci="3" mb="0" cb="0"/><line nr="40" mi="0" ci="3" mb="0" cb="0"/><line nr="42" mi="0" ci="3" mb="0" cb="0"/><line nr="44" mi="0" ci="9" mb="0" cb="0"/><line nr="48" mi="0" ci="5" mb="0" cb="0"/><line nr="49" mi="0" ci="1" mb="0" cb="0"/><line nr="50" mi="0" ci="3" mb="0" cb="0"/><counter type="INSTRUCTION" missed="270" covered="38"/><counter type="BRANCH" missed="56" covered="0"/><counter type="LINE" missed="0" covered="11"/><counter type="COMPLEXITY" missed="38" covered="9"/><counter type="METHOD" missed="10" covered="9"/><counter type="CLASS" missed="0" covered="1"/></sourcefile><sourcefile name="VisitDetails.java"><line nr="24" mi="164" ci="16" mb="38" cb="0"/><line nr="25" mi="0" ci="2" mb="0" cb="0"/><line nr="28" mi="0" ci="6" mb="0" cb="0"/><line nr="30" mi="0" ci="6" mb="0" cb="0"/><line nr="32" mi="0" ci="6" mb="0" cb="0"/><line nr="34" mi="0" ci="7" mb="0" cb="0"/><counter type="INSTRUCTION" missed="164" covered="43"/><counter type="BRANCH" missed="38" covered="0"/><counter type="LINE" missed="0" covered="6"/><counter type="COMPLEXITY" missed="23" covered="9"/><counter type="METHOD" missed="4" covered="9"/><counter type="CLASS" missed="0" covered="1"/></sourcefile><sourcefile name="PetDetails.java"><line nr="26" mi="188" ci="10" mb="40" cb="0"/><line nr="29" mi="0" ci="3" mb="0" cb="0"/><line nr="31" mi="0" ci="3" mb="0" cb="0"/><line nr="33" mi="0" ci="3" mb="0" cb="0"/><line nr="35" mi="0" ci="3" mb="0" cb="0"/><line nr="37" mi="0" ci="9" mb="0" cb="0"/><counter type="INSTRUCTION" missed="188" covered="31"/><counter type="BRANCH" missed="40" covered="0"/><counter type="LINE" missed="0" covered="6"/><counter type="COMPLEXITY" missed="26" covered="8"/><counter type="METHOD" missed="6" covered="8"/><counter type="CLASS" missed="0" covered="1"/></sourcefile><sourcefile name="PetType.java"><line nr="23" mi="72" ci="0" mb="14" cb="0"/><line nr="26" mi="3" ci="0" mb="0" cb="0"/><counter type="INSTRUCTION" missed="75" covered="0"/><counter type="BRANCH" missed="14" covered="0"/><counter type="LINE" missed="2" covered="0"/><counter type="COMPLEXITY" missed="14" covered="0"/><counter type="METHOD" missed="7" covered="0"/><counter type="CLASS" missed="1" covered="0"/></sourcefile><sourcefile name="Visits.java"><line nr="27" mi="56" ci="2" mb="12" cb="0"/><line nr="30" mi="0" ci="9" mb="0" cb="0"/><counter type="INSTRUCTION" missed="56" covered="11"/><counter type="BRANCH" missed="12" covered="0"/><counter type="LINE" missed="0" covered="2"/><counter type="COMPLEXITY" missed="9" covered="2"/><counter type="METHOD" missed="3" covered="2"/><counter type="CLASS" missed="0" covered="1"/></sourcefile><counter type="INSTRUCTION" missed="753" covered="123"/><counter type="BRANCH" missed="160" covered="0"/><counter type="LINE" missed="2" covered="25"/><counter type="COMPLEXITY" missed="110" covered="28"/><counter type="METHOD" missed="30" covered="28"/><counter type="CLASS" missed="1" covered="4"/></package><package name="org/springframework/samples/petclinic/api/application"><class name="org/springframework/samples/petclinic/api/application/CustomersServiceClient" sourcefilename="CustomersServiceClient.java"><method name="getOwner" desc="(I)Lreactor/core/publisher/Mono;" line="34"><counter type="INSTRUCTION" missed="17" covered="0"/><counter type="LINE" missed="4" covered="0"/><counter type="COMPLEXITY" missed="1" covered="0"/><counter type="METHOD" missed="1" covered="0"/></method><method name="&lt;init&gt;" desc="(Lorg/springframework/web/reactive/function/client/WebClient$Builder;)V" line="28"><counter type="INSTRUCTION" missed="0" covered="6"/><counter type="LINE" missed="0" covered="1"/><counter type="COMPLEXITY" missed="0" covered="1"/><counter type="METHOD" missed="0" covered="1"/></method><counter type="INSTRUCTION" missed="17" covered="6"/><counter type="LINE" missed="4" covered="1"/><counter type="COMPLEXITY" missed="1" covered="1"/><counter type="METHOD" missed="1" covered="1"/><counter type="CLASS" missed="0" covered="1"/></class><class name="org/springframework/samples/petclinic/api/application/VisitsServiceClient" sourcefilename="VisitsServiceClient.java"><method name="getVisitsForPets" desc="(Ljava/util/List;)Lreactor/core/publisher/Mono;" line="41"><counter type="INSTRUCTION" missed="0" covered="20"/><counter type="LINE" missed="0" covered="5"/><counter type="COMPLEXITY" missed="0" covered="1"/><counter type="METHOD" missed="0" covered="1"/></method><method name="joinIds" desc="(Ljava/util/List;)Ljava/lang/String;" line="49"><counter type="INSTRUCTION" missed="0" covered="9"/><counter type="LINE" missed="0" covered="1"/><counter type="COMPLEXITY" missed="0" covered="1"/><counter type="METHOD" missed="0" covered="1"/></method><method name="setHostname" desc="(Ljava/lang/String;)V" line="53"><counter type="INSTRUCTION" missed="0" covered="4"/><counter type="LINE" missed="0" covered="2"/><counter type="COMPLEXITY" missed="0" covered="1"/><counter type="METHOD" missed="0" covered="1"/></method><method name="&lt;init&gt;" desc="(Lorg/springframework/web/reactive/function/client/WebClient$Builder;)V" line="32"><counter type="INSTRUCTION" missed="0" covered="9"/><counter type="LINE" missed="0" covered="2"/><counter type="COMPLEXITY" missed="0" covered="1"/><counter type="METHOD" missed="0" covered="1"/></method><counter type="INSTRUCTION" missed="0" covered="42"/><counter type="LINE" missed="0" covered="10"/><counter type="COMPLEXITY" missed="0" covered="4"/><counter type="METHOD" missed="0" covered="4"/><counter type="CLASS" missed="0" covered="1"/></class><sourcefile name="VisitsServiceClient.java"><line nr="32" mi="0" ci="6" mb="0" cb="0"/><line nr="36" mi="0" ci="3" mb="0" cb="0"/><line nr="41" mi="0" ci="4" mb="0" cb="0"/><line nr="42" mi="0" ci="10" mb="0" cb="0"/><line nr="43" mi="0" ci="3" mb="0" cb="0"/><line nr="44" mi="0" ci="2" mb="0" cb="0"/><line nr="45" mi="0" ci="1" mb="0" cb="0"/><line nr="49" mi="0" ci="9" mb="0" cb="0"/><line nr="53" mi="0" ci="3" mb="0" cb="0"/><line nr="54" mi="0" ci="1" mb="0" cb="0"/><counter type="INSTRUCTION" missed="0" covered="42"/><counter type="LINE" missed="0" covered="10"/><counter type="COMPLEXITY" missed="0" covered="4"/><counter type="METHOD" missed="0" covered="4"/><counter type="CLASS" missed="0" covered="1"/></sourcefile><sourcefile name="CustomersServiceClient.java"><line nr="28" mi="0" ci="6" mb="0" cb="0"/><line nr="34" mi="11" ci="0" mb="0" cb="0"/><line nr="35" mi="3" ci="0" mb="0" cb="0"/><line nr="36" mi="2" ci="0" mb="0" cb="0"/><line nr="37" mi="1" ci="0" mb="0" cb="0"/><counter type="INSTRUCTION" missed="17" covered="6"/><counter type="LINE" missed="4" covered="1"/><counter type="COMPLEXITY" missed="1" covered="1"/><counter type="METHOD" missed="1" covered="1"/><counter type="CLASS" missed="0" covered="1"/></sourcefile><counter type="INSTRUCTION" missed="17" covered="48"/><counter type="LINE" missed="4" covered="11"/><counter type="COMPLEXITY" missed="1" covered="5"/><counter type="METHOD" missed="1" covered="5"/><counter type="CLASS" missed="0" covered="2"/></package><package name="org/springframework/samples/petclinic/api"><class name="org/springframework/samples/petclinic/api/ApiGatewayApplication" sourcefilename="ApiGatewayApplication.java"><method name="&lt;init&gt;" desc="()V" line="47"><counter type="INSTRUCTION" missed="0" covered="3"/><counter type="LINE" missed="0" covered="1"/><counter type="COMPLEXITY" missed="0" covered="1"/><counter type="METHOD" missed="0" covered="1"/></method><method name="main" desc="([Ljava/lang/String;)V" line="50"><counter type="INSTRUCTION" missed="5" covered="0"/><counter type="LINE" missed="2" covered="0"/><counter type="COMPLEXITY" missed="1" covered="0"/><counter type="METHOD" missed="1" covered="0"/></method><method name="loadBalancedRestTemplate" desc="()Lorg/springframework/web/client/RestTemplate;" line="56"><counter type="INSTRUCTION" missed="0" covered="4"/><counter type="LINE" missed="0" covered="1"/><counter type="COMPLEXITY" missed="0" covered="1"/><counter type="METHOD" missed="0" covered="1"/></method><method name="loadBalancedWebClientBuilder" desc="()Lorg/springframework/web/reactive/function/client/WebClient$Builder;" line="62"><counter type="INSTRUCTION" missed="0" covered="2"/><counter type="LINE" missed="0" covered="1"/><counter type="COMPLEXITY" missed="0" covered="1"/><counter type="METHOD" missed="0" covered="1"/></method><method name="routerFunction" desc="()Lorg/springframework/web/reactive/function/server/RouterFunction;" line="74"><counter type="INSTRUCTION" missed="0" covered="14"/><counter type="LINE" missed="0" covered="3"/><counter type="COMPLEXITY" missed="0" covered="1"/><counter type="METHOD" missed="0" covered="1"/></method><method name="defaultCustomizer" desc="()Lorg/springframework/cloud/client/circuitbreaker/Customizer;" line="85"><counter type="INSTRUCTION" missed="0" covered="2"/><counter type="LINE" missed="0" covered="1"/><counter type="COMPLEXITY" missed="0" covered="1"/><counter type="METHOD" missed="0" covered="1"/></method><method name="lambda$defaultCustomizer$2" desc="(Lorg/springframework/cloud/circuitbreaker/resilience4j/ReactiveResilience4JCircuitBreakerFactory;)V" line="85"><counter type="INSTRUCTION" missed="0" covered="4"/><counter type="LINE" missed="0" covered="1"/><counter type="COMPLEXITY" missed="0" covered="1"/><counter type="METHOD" missed="0" covered="1"/></method><method name="lambda$defaultCustomizer$1" desc="(Ljava/lang/String;)Lorg/springframework/cloud/circuitbreaker/resilience4j/Resilience4JConfigBuilder$Resilience4JCircuitBreakerConfiguration;" line="85"><counter type="INSTRUCTION" missed="0" covered="14"/><counter type="LINE" missed="0" covered="4"/><counter type="COMPLEXITY" missed="0" covered="1"/><counter type="METHOD" missed="0" covered="1"/></method><method name="lambda$routerFunction$0" desc="(Lorg/springframework/web/reactive/function/server/ServerRequest;)Lreactor/core/publisher/Mono;" line="76"><counter type="INSTRUCTION" missed="7" covered="0"/><counter type="LINE" missed="1" covered="0"/><counter type="COMPLEXITY" missed="1" covered="0"/><counter type="METHOD" missed="1" covered="0"/></method><counter type="INSTRUCTION" missed="12" covered="43"/><counter type="LINE" missed="3" covered="10"/><counter type="COMPLEXITY" missed="2" covered="7"/><counter type="METHOD" missed="2" covered="7"/><counter type="CLASS" missed="0" covered="1"/></class><sourcefile name="ApiGatewayApplication.java"><line nr="47" mi="0" ci="3" mb="0" cb="0"/><line nr="50" mi="4" ci="0" mb="0" cb="0"/><line nr="51" mi="1" ci="0" mb="0" cb="0"/><line nr="56" mi="0" ci="4" mb="0" cb="0"/><line nr="62" mi="0" ci="2" mb="0" cb="0"/><line nr="74" mi="0" ci="7" mb="0" cb="0"/><line nr="75" mi="0" ci="5" mb="0" cb="0"/><line nr="76" mi="7" ci="0" mb="0" cb="0"/><line nr="77" mi="0" ci="2" mb="0" cb="0"/><line nr="85" mi="0" ci="11" mb="0" cb="0"/><line nr="86" mi="0" ci="2" mb="0" cb="0"/><line nr="87" mi="0" ci="6" mb="0" cb="0"/><line nr="88" mi="0" ci="1" mb="0" cb="0"/><counter type="INSTRUCTION" missed="12" covered="43"/><counter type="LINE" missed="3" covered="10"/><counter type="COMPLEXITY" missed="2" covered="7"/><counter type="METHOD" missed="2" covered="7"/><counter type="CLASS" missed="0" covered="1"/></sourcefile><counter type="INSTRUCTION" missed="12" covered="43"/><counter type="LINE" missed="3" covered="10"/><counter type="COMPLEXITY" missed="2" covered="7"/><counter type="METHOD" missed="2" covered="7"/><counter type="CLASS" missed="0" covered="1"/></package><package name="org/springframework/samples/petclinic/api/boundary/web"><class name="org/springframework/samples/petclinic/api/boundary/web/ApiGatewayController" sourcefilename="ApiGatewayController.java"><method name="getOwnerDetails" desc="(I)Lreactor/core/publisher/Mono;" line="50"><counter type="INSTRUCTION" missed="0" covered="8"/><counter type="LINE" missed="0" covered="2"/><counter type="COMPLEXITY" missed="0" covered="1"/><counter type="METHOD" missed="0" covered="1"/></method><method name="addVisitsToOwner" desc="(Lorg/springframework/samples/petclinic/api/dto/OwnerDetails;)Ljava/util/function/Function;" line="63"><counter type="INSTRUCTION" missed="0" covered="3"/><counter type="LINE" missed="0" covered="1"/><counter type="COMPLEXITY" missed="0" covered="1"/><counter type="METHOD" missed="0" covered="1"/></method><method name="emptyVisitsForPets" desc="()Lreactor/core/publisher/Mono;" line="75"><counter type="INSTRUCTION" missed="0" covered="5"/><counter type="LINE" missed="0" covered="1"/><counter type="COMPLEXITY" missed="0" covered="1"/><counter type="METHOD" missed="0" covered="1"/></method><method name="&lt;init&gt;" desc="(Lorg/springframework/samples/petclinic/api/application/CustomersServiceClient;Lorg/springframework/samples/petclinic/api/application/VisitsServiceClient;Lorg/springframework/cloud/client/circuitbreaker/ReactiveCircuitBreakerFactory;)V" line="38"><counter type="INSTRUCTION" missed="0" covered="12"/><counter type="LINE" missed="0" covered="1"/><counter type="COMPLEXITY" missed="0" covered="1"/><counter type="METHOD" missed="0" covered="1"/></method><method name="lambda$addVisitsToOwner$5" desc="(Lorg/springframework/samples/petclinic/api/dto/OwnerDetails;Lorg/springframework/samples/petclinic/api/dto/Visits;)Lorg/springframework/samples/petclinic/api/dto/OwnerDetails;" line="64"><counter type="INSTRUCTION" missed="0" covered="7"/><counter type="LINE" missed="0" covered="3"/><counter type="COMPLEXITY" missed="0" covered="1"/><counter type="METHOD" missed="0" covered="1"/></method><method name="lambda$addVisitsToOwner$4" desc="(Lorg/springframework/samples/petclinic/api/dto/Visits;Lorg/springframework/samples/petclinic/api/dto/PetDetails;)V" line="65"><counter type="INSTRUCTION" missed="0" covered="14"/><counter type="LINE" missed="0" covered="4"/><counter type="COMPLEXITY" missed="0" covered="1"/><counter type="METHOD" missed="0" covered="1"/></method><method name="lambda$addVisitsToOwner$3" desc="(Lorg/springframework/samples/petclinic/api/dto/PetDetails;Lorg/springframework/samples/petclinic/api/dto/VisitDetails;)Z" line="67"><counter type="INSTRUCTION" missed="1" covered="9"/><counter type="BRANCH" missed="1" covered="1"/><counter type="LINE" missed="0" covered="1"/><counter type="COMPLEXITY" missed="1" covered="1"/><counter type="METHOD" missed="0" covered="1"/></method><method name="lambda$getOwnerDetails$2" desc="(Lorg/springframework/samples/petclinic/api/dto/OwnerDetails;)Lreactor/core/publisher/Mono;" line="52"><counter type="INSTRUCTION" missed="0" covered="13"/><counter type="LINE" missed="0" covered="3"/><counter type="COMPLEXITY" missed="0" covered="1"/><counter type="METHOD" missed="0" covered="1"/></method><method name="lambda$getOwnerDetails$1" desc="(Lreactor/core/publisher/Mono;)Lorg/reactivestreams/Publisher;" line="54"><counter type="INSTRUCTION" missed="0" covered="11"/><counter type="LINE" missed="0" covered="2"/><counter type="COMPLEXITY" missed="0" covered="1"/><counter type="METHOD" missed="0" covered="1"/></method><method name="lambda$getOwnerDetails$0" desc="(Ljava/lang/Throwable;)Lreactor/core/publisher/Mono;" line="55"><counter type="INSTRUCTION" missed="0" covered="3"/><counter type="LINE" missed="0" covered="1"/><counter type="COMPLEXITY" missed="0" covered="1"/><counter type="METHOD" missed="0" covered="1"/></method><counter type="INSTRUCTION" missed="1" covered="85"/><counter type="BRANCH" missed="1" covered="1"/><counter type="LINE" missed="0" covered="16"/><counter type="COMPLEXITY" missed="1" covered="10"/><counter type="METHOD" missed="0" covered="10"/><counter type="CLASS" missed="0" covered="1"/></class><sourcefile name="ApiGatewayController.java"><line nr="38" mi="0" ci="12" mb="0" cb="0"/><line nr="50" mi="0" ci="7" mb="0" cb="0"/><line nr="51" mi="0" ci="1" mb="0" cb="0"/><line nr="52" mi="0" ci="8" mb="0" cb="0"/><line nr="53" mi="0" ci="3" mb="0" cb="0"/><line nr="54" mi="0" ci="5" mb="0" cb="0"/><line nr="55" mi="0" ci="9" mb="0" cb="0"/><line nr="57" mi="0" ci="2" mb="0" cb="0"/><line nr="63" mi="0" ci="3" mb="0" cb="0"/><line nr="64" mi="0" ci="4" mb="0" cb="0"/><line nr="65" mi="0" ci="5" mb="0" cb="0"/><line nr="66" mi="0" ci="6" mb="0" cb="0"/><line nr="67" mi="1" ci="10" mb="1" cb="1"/><line nr="68" mi="0" ci="3" mb="0" cb="0"/><line nr="70" mi="0" ci="2" mb="0" cb="0"/><line nr="75" mi="0" ci="5" mb="0" cb="0"/><counter type="INSTRUCTION" missed="1" covered="85"/><counter type="BRANCH" missed="1" covered="1"/><counter type="LINE" missed="0" covered="16"/><counter type="COMPLEXITY" missed="1" covered="10"/><counter type="METHOD" missed="0" covered="10"/><counter type="CLASS" missed="0" covered="1"/></sourcefile><counter type="INSTRUCTION" missed="1" covered="85"/><counter type="BRANCH" missed="1" covered="1"/><counter type="LINE" missed="0" covered="16"/><counter type="COMPLEXITY" missed="1" covered="10"/><counter type="METHOD" missed="0" covered="10"/><counter type="CLASS" missed="0" covered="1"/></package><counter type="INSTRUCTION" missed="783" covered="299"/><counter type="BRANCH" missed="161" covered="1"/><counter type="LINE" missed="9" covered="62"/><counter type="COMPLEXITY" missed="114" covered="50"/><counter type="METHOD" missed="33" covered="50"/><counter type="CLASS" missed="1" covered="8"/></report>